Base path: 'C:/Program Files/Unity/Hub/Editor/2019.3.13f1/Editor/Data', plugins path 'C:/Program Files/Unity/Hub/Editor/2019.3.13f1/Editor/Data/PlaybackEngines'
Cmd: initializeCompiler
Cmd: compileSnippet
  api=4 type=0 insize=2295 outsize=858 kw=UNITY_UI_ALPHACLIP pd=UNITY_NO_DXT5nm UNITY_ENABLE_REFLECTION_BUFFERS UNITY_NO_CUBEMAP_ARRAY UNITY_NO_SCREENSPACE_SHADOWS UNITY_PBS_USE_BRDF2 SHADER_API_DESKTOP UNITY_HARDWARE_TIER3 UNITY_COLORSPACE_GAMMA UNITY_LIGHTMAP_DLDR_ENCODING ok=1
Cmd: disassembleShader
  api=9 insize=8579 outsize=8579 ok=1
Cmd: disassembleShader
  api=9 insize=9970 outsize=9970 ok=1
Cmd: disassembleShader
  api=9 insize=10221 outsize=10221 ok=1
Cmd: disassembleShader
  api=9 insize=13560 outsize=13560 ok=1
Cmd: disassembleShader
  api=9 insize=0 outsize=57 ok=1
Cmd: disassembleShader
  api=9 insize=0 outsize=57 ok=1
Cmd: disassembleShader
  api=9 insize=6868 outsize=6868 ok=1
Cmd: disassembleShader
  api=9 insize=8902 outsize=8902 ok=1
Cmd: disassembleShader
  api=9 insize=12116 outsize=12116 ok=1
Cmd: disassembleShader
  api=9 insize=7614 outsize=7614 ok=1
Cmd: disassembleShader
  api=9 insize=11789 outsize=11789 ok=1
Cmd: disassembleShader
  api=9 insize=10581 outsize=10581 ok=1
Cmd: disassembleShader
  api=9 insize=0 outsize=57 ok=1
Cmd: disassembleShader
  api=9 insize=0 outsize=57 ok=1
Cmd: disassembleShader
  api=9 insize=0 outsize=57 ok=1
Cmd: disassembleShader
  api=9 insize=0 outsize=57 ok=1
Cmd: disassembleShader
  api=9 insize=0 outsize=57 ok=1
Cmd: disassembleShader
  api=9 insize=0 outsize=57 ok=1
Cmd: disassembleShader
  api=9 insize=6695 outsize=6695 ok=1
Cmd: disassembleShader
  api=9 insize=5108 outsize=5108 ok=1
Cmd: disassembleShader
  api=9 insize=0 outsize=57 ok=1
Cmd: disassembleShader
  api=9 insize=0 outsize=57 ok=1
Cmd: disassembleShader
  api=9 insize=10228 outsize=10228 ok=1
Cmd: disassembleShader
  api=9 insize=13306 outsize=13306 ok=1
Cmd: disassembleShader
  api=9 insize=11546 outsize=11546 ok=1
Cmd: disassembleShader
  api=9 insize=14892 outsize=14892 ok=1
Cmd: disassembleShader
  api=9 insize=0 outsize=57 ok=1
Cmd: disassembleShader
  api=9 insize=6966 outsize=6966 ok=1
Cmd: disassembleShader
  api=9 insize=8387 outsize=8387 ok=1
Cmd: disassembleShader
  api=9 insize=9549 outsize=9549 ok=1
Cmd: disassembleShader
  api=9 insize=10879 outsize=10879 ok=1
Cmd: disassembleShader
  api=9 insize=9357 outsize=9357 ok=1
Cmd: disassembleShader
  api=9 insize=0 outsize=57 ok=1
Cmd: disassembleShader
  api=9 insize=0 outsize=57 ok=1
Cmd: disassembleShader
  api=9 insize=0 outsize=57 ok=1
Cmd: disassembleShader
  api=9 insize=0 outsize=57 ok=1
Cmd: disassembleShader
  api=9 insize=0 outsize=57 ok=1
Cmd: disassembleShader
  api=9 insize=0 outsize=57 ok=1

Quitting shader compiler process
