Base path: 'C:/Program Files/Unity/Hub/Editor/2019.3.13f1/Editor/Data', plugins path 'C:/Program Files/Unity/Hub/Editor/2019.3.13f1/Editor/Data/PlaybackEngines'
Cmd: initializeCompiler
Cmd: disassembleShader
  api=9 insize=11844 outsize=11844 ok=1
Cmd: disassembleShader
  api=9 insize=11698 outsize=11698 ok=1
Cmd: disassembleShader
  api=9 insize=8579 outsize=8579 ok=1
Cmd: disassembleShader
  api=9 insize=8353 outsize=8353 ok=1
Cmd: disassembleShader
  api=9 insize=9970 outsize=9970 ok=1
Cmd: disassembleShader
  api=9 insize=0 outsize=57 ok=1
Cmd: disassembleShader
  api=9 insize=0 outsize=57 ok=1
Cmd: disassembleShader
  api=9 insize=9543 outsize=9543 ok=1
Cmd: disassembleShader
  api=9 insize=8580 outsize=8580 ok=1
Cmd: disassembleShader
  api=9 insize=9706 outsize=9706 ok=1
Cmd: disassembleShader
  api=9 insize=8089 outsize=8089 ok=1
Cmd: disassembleShader
  api=9 insize=9514 outsize=9514 ok=1
Cmd: disassembleShader
  api=9 insize=10421 outsize=10421 ok=1
Cmd: disassembleShader
  api=9 insize=8393 outsize=8393 ok=1
Cmd: disassembleShader
  api=9 insize=0 outsize=57 ok=1
Cmd: disassembleShader
  api=9 insize=0 outsize=57 ok=1
Cmd: disassembleShader
  api=9 insize=0 outsize=57 ok=1
Cmd: disassembleShader
  api=9 insize=0 outsize=57 ok=1
Cmd: disassembleShader
  api=9 insize=0 outsize=57 ok=1
Cmd: disassembleShader
  api=9 insize=0 outsize=57 ok=1
Cmd: disassembleShader
  api=9 insize=0 outsize=57 ok=1
Cmd: disassembleShader
  api=9 insize=3025 outsize=3025 ok=1
Cmd: disassembleShader
  api=9 insize=7981 outsize=7981 ok=1
Cmd: disassembleShader
  api=9 insize=6649 outsize=6649 ok=1
Cmd: disassembleShader
  api=9 insize=0 outsize=57 ok=1
Cmd: disassembleShader
  api=9 insize=0 outsize=57 ok=1
Cmd: disassembleShader
  api=9 insize=7658 outsize=7658 ok=1
Cmd: disassembleShader
  api=9 insize=10461 outsize=10461 ok=1
Cmd: disassembleShader
  api=9 insize=7658 outsize=7658 ok=1
Cmd: disassembleShader
  api=9 insize=10461 outsize=10461 ok=1
Cmd: disassembleShader
  api=9 insize=0 outsize=57 ok=1
Cmd: disassembleShader
  api=9 insize=0 outsize=57 ok=1
Cmd: disassembleShader
  api=9 insize=0 outsize=57 ok=1
Cmd: disassembleShader
  api=9 insize=0 outsize=57 ok=1
Cmd: disassembleShader
  api=9 insize=6868 outsize=6868 ok=1
Cmd: disassembleShader
  api=9 insize=8491 outsize=8491 ok=1
Cmd: disassembleShader
  api=9 insize=9617 outsize=9617 ok=1
Cmd: disassembleShader
  api=9 insize=9102 outsize=9102 ok=1
Cmd: disassembleShader
  api=9 insize=8082 outsize=8082 ok=1
Cmd: disassembleShader
  api=9 insize=0 outsize=57 ok=1
Cmd: disassembleShader
  api=9 insize=0 outsize=57 ok=1
Cmd: disassembleShader
  api=9 insize=0 outsize=57 ok=1
Cmd: disassembleShader
  api=9 insize=0 outsize=57 ok=1
Cmd: disassembleShader
  api=9 insize=0 outsize=57 ok=1
Cmd: compileSnippet
  api=9 type=1 insize=1136 outsize=0 kw= pd=UNITY_NO_DXT5nm UNITY_NO_RGBM UNITY_ENABLE_REFLECTION_BUFFERS UNITY_FRAMEBUFFER_FETCH_AVAILABLE UNITY_NO_CUBEMAP_ARRAY UNITY_NO_SCREENSPACE_SHADOWS UNITY_PBS_USE_BRDF2 SHADER_API_MOBILE UNITY_HARDWARE_TIER2 UNITY_COLORSPACE_GAMMA UNITY_LIGHTMAP_DLDR_ENCODING ok=1

Quitting shader compiler process
