Base path: 'C:/Program Files/Unity/Hub/Editor/2019.3.13f1/Editor/Data', plugins path 'C:/Program Files/Unity/Hub/Editor/2019.3.13f1/Editor/Data/PlaybackEngines'
Cmd: initializeCompiler
Cmd: disassembleShader
  api=9 insize=10115 outsize=10115 ok=1
Cmd: disassembleShader
  api=9 insize=13306 outsize=13306 ok=1
Cmd: disassembleShader
  api=9 insize=10209 outsize=10209 ok=1
Cmd: disassembleShader
  api=9 insize=14892 outsize=14892 ok=1
Cmd: disassembleShader
  api=9 insize=0 outsize=57 ok=1
Cmd: disassembleShader
  api=9 insize=0 outsize=57 ok=1
Cmd: disassembleShader
  api=9 insize=7143 outsize=7143 ok=1
Cmd: disassembleShader
  api=9 insize=8193 outsize=8193 ok=1
Cmd: disassembleShader
  api=9 insize=10379 outsize=10379 ok=1
Cmd: disassembleShader
  api=9 insize=8496 outsize=8496 ok=1
Cmd: disassembleShader
  api=9 insize=9755 outsize=9755 ok=1
Cmd: disassembleShader
  api=9 insize=11280 outsize=11280 ok=1
Cmd: disassembleShader
  api=9 insize=9117 outsize=9117 ok=1
Cmd: disassembleShader
  api=9 insize=0 outsize=57 ok=1
Cmd: disassembleShader
  api=9 insize=0 outsize=57 ok=1
Cmd: disassembleShader
  api=9 insize=0 outsize=57 ok=1
Cmd: disassembleShader
  api=9 insize=0 outsize=57 ok=1
Cmd: disassembleShader
  api=9 insize=0 outsize=57 ok=1
Cmd: disassembleShader
  api=9 insize=0 outsize=57 ok=1
Cmd: disassembleShader
  api=9 insize=2798 outsize=2798 ok=1
Cmd: disassembleShader
  api=9 insize=6466 outsize=6466 ok=1
Cmd: disassembleShader
  api=9 insize=6466 outsize=6466 ok=1
Cmd: disassembleShader
  api=9 insize=0 outsize=57 ok=1
Cmd: disassembleShader
  api=9 insize=0 outsize=57 ok=1
Cmd: disassembleShader
  api=9 insize=10424 outsize=10424 ok=1
Cmd: disassembleShader
  api=9 insize=11998 outsize=11998 ok=1
Cmd: disassembleShader
  api=9 insize=11844 outsize=11844 ok=1
Cmd: disassembleShader
  api=9 insize=0 outsize=57 ok=1
Cmd: disassembleShader
  api=9 insize=0 outsize=57 ok=1
Cmd: disassembleShader
  api=9 insize=8651 outsize=8651 ok=1
Cmd: disassembleShader
  api=9 insize=7322 outsize=7322 ok=1
Cmd: disassembleShader
  api=9 insize=8441 outsize=8441 ok=1
Cmd: disassembleShader
  api=9 insize=9514 outsize=9514 ok=1
Cmd: disassembleShader
  api=9 insize=8334 outsize=8334 ok=1
Cmd: disassembleShader
  api=9 insize=0 outsize=57 ok=1
Cmd: disassembleShader
  api=9 insize=0 outsize=57 ok=1
Cmd: disassembleShader
  api=9 insize=0 outsize=57 ok=1
Cmd: disassembleShader
  api=9 insize=0 outsize=57 ok=1

Quitting shader compiler process
