Base path: 'C:/Program Files/Unity/Hub/Editor/2019.3.13f1/Editor/Data', plugins path 'C:/Program Files/Unity/Hub/Editor/2019.3.13f1/Editor/Data/PlaybackEngines'
Cmd: initializeCompiler
Cmd: compileSnippet
  api=4 type=1 insize=2295 outsize=542 kw=UNITY_UI_ALPHACLIP pd=UNITY_NO_DXT5nm UNITY_ENABLE_REFLECTION_BUFFERS UNITY_NO_CUBEMAP_ARRAY UNITY_NO_SCREENSPACE_SHADOWS UNITY_PBS_USE_BRDF2 SHADER_API_DESKTOP UNITY_HARDWARE_TIER3 UNITY_COLORSPACE_GAMMA UNITY_LIGHTMAP_DLDR_ENCODING ok=1
Cmd: disassembleShader
  api=9 insize=11406 outsize=11406 ok=1
Cmd: disassembleShader
  api=9 insize=11998 outsize=11998 ok=1
Cmd: disassembleShader
  api=9 insize=11677 outsize=11677 ok=1
Cmd: disassembleShader
  api=9 insize=9237 outsize=9237 ok=1
Cmd: disassembleShader
  api=9 insize=0 outsize=57 ok=1
Cmd: disassembleShader
  api=9 insize=0 outsize=57 ok=1
Cmd: disassembleShader
  api=9 insize=6476 outsize=6476 ok=1
Cmd: disassembleShader
  api=9 insize=7918 outsize=7918 ok=1
Cmd: disassembleShader
  api=9 insize=10115 outsize=10115 ok=1
Cmd: disassembleShader
  api=9 insize=8496 outsize=8496 ok=1
Cmd: disassembleShader
  api=9 insize=7861 outsize=7861 ok=1
Cmd: disassembleShader
  api=9 insize=11280 outsize=11280 ok=1
Cmd: disassembleShader
  api=9 insize=9117 outsize=9117 ok=1
Cmd: disassembleShader
  api=9 insize=0 outsize=57 ok=1
Cmd: disassembleShader
  api=9 insize=0 outsize=57 ok=1
Cmd: disassembleShader
  api=9 insize=0 outsize=57 ok=1
Cmd: disassembleShader
  api=9 insize=0 outsize=57 ok=1
Cmd: disassembleShader
  api=9 insize=0 outsize=57 ok=1
Cmd: disassembleShader
  api=9 insize=0 outsize=57 ok=1
Cmd: disassembleShader
  api=9 insize=0 outsize=57 ok=1
Cmd: disassembleShader
  api=9 insize=2798 outsize=2798 ok=1
Cmd: disassembleShader
  api=9 insize=5108 outsize=5108 ok=1
Cmd: disassembleShader
  api=9 insize=7935 outsize=7935 ok=1
Cmd: disassembleShader
  api=9 insize=0 outsize=57 ok=1
Cmd: disassembleShader
  api=9 insize=0 outsize=57 ok=1
Cmd: disassembleShader
  api=9 insize=7658 outsize=7658 ok=1
Cmd: disassembleShader
  api=9 insize=13306 outsize=13306 ok=1
Cmd: disassembleShader
  api=9 insize=10041 outsize=10041 ok=1
Cmd: disassembleShader
  api=9 insize=11155 outsize=11155 ok=1
Cmd: disassembleShader
  api=9 insize=0 outsize=57 ok=1
Cmd: disassembleShader
  api=9 insize=0 outsize=57 ok=1
Cmd: disassembleShader
  api=9 insize=8694 outsize=8694 ok=1
Cmd: disassembleShader
  api=9 insize=7528 outsize=7528 ok=1
Cmd: disassembleShader
  api=9 insize=6951 outsize=6951 ok=1
Cmd: disassembleShader
  api=9 insize=8496 outsize=8496 ok=1
Cmd: disassembleShader
  api=9 insize=9419 outsize=9419 ok=1
Cmd: disassembleShader
  api=9 insize=0 outsize=57 ok=1
Cmd: disassembleShader
  api=9 insize=0 outsize=57 ok=1
Cmd: disassembleShader
  api=9 insize=0 outsize=57 ok=1
Cmd: disassembleShader
  api=9 insize=0 outsize=57 ok=1
Cmd: disassembleShader
  api=9 insize=2798 outsize=2798 ok=1
Cmd: compileSnippet
  api=9 type=1 insize=1136 outsize=0 kw= pd=UNITY_NO_DXT5nm UNITY_NO_RGBM UNITY_ENABLE_REFLECTION_BUFFERS UNITY_FRAMEBUFFER_FETCH_AVAILABLE UNITY_NO_CUBEMAP_ARRAY UNITY_NO_SCREENSPACE_SHADOWS UNITY_PBS_USE_BRDF2 SHADER_API_MOBILE UNITY_HARDWARE_TIER3 UNITY_COLORSPACE_GAMMA UNITY_LIGHTMAP_DLDR_ENCODING ok=1

Quitting shader compiler process
