#
# There is insufficient memory for the Java Runtime Environment to continue.
# Native memory allocation (malloc) failed to allocate 1048576 bytes for AllocateHeap
# Possible reasons:
#   The system is out of physical RAM or swap space
#   In 32 bit mode, the process size limit was hit
# Possible solutions:
#   Reduce memory load on the system
#   Increase physical memory or swap space
#   Check if swap backing store is full
#   Use 64 bit Java on a 64 bit OS
#   Decrease Java heap size (-Xmx/-Xms)
#   Decrease number of Java threads
#   Decrease Java thread stack sizes (-Xss)
#   Set larger code cache with -XX:ReservedCodeCacheSize=
# This output file may be truncated or incomplete.
#
#  Out of Memory Error (memory/allocation.inline.hpp:61), pid=11840, tid=0x0000000000002e60
#
# JRE version:  (8.0_171-b11) (build )
# Java VM: Java HotSpot(TM) 64-Bit Server VM (25.171-b11 mixed mode windows-amd64 compressed oops)
# Failed to write core dump. Minidumps are not enabled by default on client versions of Windows
#

---------------  T H R E A D  ---------------

Current thread (0x000000000257e800):  JavaThread "Unknown thread" [_thread_in_vm, id=11872, stack(0x00000000027f0000,0x00000000028f0000)]

Stack: [0x00000000027f0000,0x00000000028f0000]
[error occurred during error reporting (printing stack bounds), id 0xc0000005]

Native frames: (J=compiled Java code, j=interpreted, Vv=VM code, C=native code)


---------------  P R O C E S S  ---------------

Java Threads: ( => current thread )

Other Threads:

=>0x000000000257e800 (exited) JavaThread "Unknown thread" [_thread_in_vm, id=11872, stack(0x00000000027f0000,0x00000000028f0000)]

VM state:not at safepoint (normal execution)

VM Mutex/Monitor currently owned by a thread: None

Heap:
 PSYoungGen      total 38400K, used 665K [0x00000000d5980000, 0x00000000d8400000, 0x0000000100000000)
  eden space 33280K, 2% used [0x00000000d5980000,0x00000000d5a26670,0x00000000d7a00000)
  from space 5120K, 0% used [0x00000000d7f00000,0x00000000d7f00000,0x00000000d8400000)
  to   space 5120K, 0% used [0x00000000d7a00000,0x00000000d7a00000,0x00000000d7f00000)
 ParOldGen       total 87552K, used 0K [0x0000000080c00000, 0x0000000086180000, 0x00000000d5980000)
  object space 87552K, 0% used [0x0000000080c00000,0x0000000080c00000,0x0000000086180000)
 Metaspace       used 750K, capacity 4480K, committed 4480K, reserved 1056768K
  class space    used 76K, capacity 384K, committed 384K, reserved 1048576K

Card table byte_map: [0x0000000011cb0000,0x00000000120b0000] byte_map_base: 0x00000000118aa000

Marking Bits: (ParMarkBitMap*) 0x00000000712808c0
 Begin Bits: [0x0000000012f90000, 0x0000000014f60000)
 End Bits:   [0x0000000014f60000, 0x0000000016f30000)

Polling page: 0x0000000000140000

CodeCache: size=245760Kb used=328Kb max_used=328Kb free=245431Kb
 bounds [0x00000000028f0000, 0x0000000002b60000, 0x00000000118f0000]
 total_blobs=58 nmethods=0 adapters=38
 compilation: enabled

Compilation events (0 events):
No events

GC Heap History (0 events):
No events

Deoptimization events (0 events):
No events

Classes redefined (0 events):
No events

Internal exceptions (0 events):
No events

Events (10 events):
Event: 0.020 loading class java/lang/Short
Event: 0.021 loading class java/lang/Short done
Event: 0.021 loading class java/lang/Integer
Event: 0.021 loading class java/lang/Integer done
Event: 0.021 loading class java/lang/Long
Event: 0.021 loading class java/lang/Long done
Event: 0.021 loading class java/lang/NullPointerException
Event: 0.021 loading class java/lang/NullPointerException done
Event: 0.021 loading class java/lang/ArithmeticException
Event: 0.021 loading class java/lang/ArithmeticException done


Dynamic libraries:
0x000000013fa10000 - 0x000000013fa47000 	D:\devtool\jdk1.8\bin\java.exe
0x0000000077b10000 - 0x0000000077cb9000 	C:\Windows\SYSTEM32\ntdll.dll
0x00000000779f0000 - 0x0000000077b0f000 	C:\Windows\system32\kernel32.dll
0x000007fefdb10000 - 0x000007fefdb7b000 	C:\Windows\system32\KERNELBASE.dll
0x000007feff4e0000 - 0x000007feff5bb000 	C:\Windows\system32\ADVAPI32.dll
0x000007feff290000 - 0x000007feff32f000 	C:\Windows\system32\msvcrt.dll
0x000007feff3d0000 - 0x000007feff3ef000 	C:\Windows\SYSTEM32\sechost.dll
0x000007feffac0000 - 0x000007feffbed000 	C:\Windows\system32\RPCRT4.dll
0x00000000778f0000 - 0x00000000779ea000 	C:\Windows\system32\USER32.dll
0x000007fefedd0000 - 0x000007fefee37000 	C:\Windows\system32\GDI32.dll
0x000007feffe10000 - 0x000007feffe1e000 	C:\Windows\system32\LPK.dll
0x000007feff410000 - 0x000007feff4d9000 	C:\Windows\system32\USP10.dll
0x000007fefc160000 - 0x000007fefc354000 	C:\Windows\WinSxS\amd64_microsoft.windows.common-controls_6595b64144ccf1df_6.0.7601.17514_none_fa396087175ac9ac\COMCTL32.dll
0x000007feffa40000 - 0x000007feffab1000 	C:\Windows\system32\SHLWAPI.dll
0x000007feffdd0000 - 0x000007feffdfe000 	C:\Windows\system32\IMM32.DLL
0x000007feff0a0000 - 0x000007feff1a9000 	C:\Windows\system32\MSCTF.dll
0x0000000079140000 - 0x0000000079212000 	D:\devtool\jdk1.8\jre\bin\msvcr100.dll
0x0000000070a60000 - 0x0000000071300000 	D:\devtool\jdk1.8\jre\bin\server\jvm.dll
0x000007fef8c90000 - 0x000007fef8c99000 	C:\Windows\system32\WSOCK32.dll
0x000007feff660000 - 0x000007feff6ad000 	C:\Windows\system32\WS2_32.dll
0x000007feffe00000 - 0x000007feffe08000 	C:\Windows\system32\NSI.dll
0x000007fefc650000 - 0x000007fefc68b000 	C:\Windows\system32\WINMM.dll
0x000007fefcba0000 - 0x000007fefcbac000 	C:\Windows\system32\VERSION.dll
0x0000000077cd0000 - 0x0000000077cd7000 	C:\Windows\system32\PSAPI.DLL
0x0000000000130000 - 0x000000000013f000 	D:\devtool\jdk1.8\jre\bin\verify.dll
0x000000006d1a0000 - 0x000000006d1c9000 	D:\devtool\jdk1.8\jre\bin\java.dll
0x0000000071320000 - 0x0000000071336000 	D:\devtool\jdk1.8\jre\bin\zip.dll

VM Arguments:
java_command: org.gradle.launcher.GradleMain -Dorg.gradle.jvmargs=-Xmx4096m --stop
java_class_path (initial): D:\devtool\unity3d\2019.2.18f1\Unity\Editor\Data\PlaybackEngines\AndroidPlayer\Tools\gradle\lib\gradle-launcher-5.1.1.jar
Launcher Type: SUN_STANDARD

Environment Variables:
JAVA_HOME=D:/devtool/jdk1.8
PATH=C:\Program Files (x86)\Common Files\Oracle\Java\javapath;C:\Windows\system32;C:\Windows;C:\Windows\System32\Wbem;C:\Windows\System32\WindowsPowerShell\v1.0\;C:\Program Files\WIDCOMM\Bluetooth Software\;C:\Program Files\WIDCOMM\Bluetooth Software\syswow64;C:\Program Files (x86)\ATI Technologies\ATI.ACE\Core-Static;C:\Program Files\IDM Computer Solutions\UltraEdit;C:\Program Files (x86)\GtkSharp\2.12\bin;D:\devtool\db\xampp\mysql\bin;C:\Program Files\dotnet\;C:\Program Files\Microsoft SQL Server\130\Tools\Binn\;D:\devtool\node.js;C:\Program Files\IDM Computer Solutions\UltraCompare;D:\devtool\node.js\;C:\Program Files\Bandizip\;C:\Users\Administrator\AppData\Local\GitHubDesktop\bin;C:\Users\Administrator\AppData\Local\Programs\Microsoft VS Code\bin;C:\Users\Administrator\AppData\Roaming\npm
USERNAME=Administrator
OS=Windows_NT
PROCESSOR_IDENTIFIER=Intel64 Family 6 Model 42 Stepping 7, GenuineIntel



---------------  S Y S T E M  ---------------

OS: Windows 7 , 64 bit Build 7601 (6.1.7601.18015)

CPU:total 8 (initial active 8) (4 cores per cpu, 2 threads per core) family 6 model 42 stepping 7, cmov, cx8, fxsr, mmx, sse, sse2, sse3, ssse3, sse4.1, sse4.2, popcnt, avx, aes, clmul, ht, tsc, tscinvbit

Memory: 4k page, physical 8337776k(1457736k free), swap 8335912k(5152k free)

vm_info: Java HotSpot(TM) 64-Bit Server VM (25.171-b11) for windows-amd64 JRE (1.8.0_171-b11), built on Mar 28 2018 16:06:12 by "java_re" with MS VC++ 10.0 (VS2010)

time: Wed Jan 29 12:24:09 2020
elapsed time: 0 seconds (0d 0h 0m 0s)

